"Task Aware Debugger for GDB" version 11.8.1 (202308071233)
Copyright 2016-2023 NXP
==================================
21:22:16.506 INFO: [TadModel] DSF session ID 3 has started.
21:22:28.10 INFO: [TadState] TAD state changed: DEBUG_STARTED -> DEBUG_INIT_0 (RESUMED, USER_REQUEST)
21:22:28.111 INFO: [TadState] TAD state changed: DEBUG_INIT_0 -> DEBUG_INIT_1 (SUSPENDED, SIGNAL)
21:22:30.834 INFO: [TadState] TAD state changed: DEBUG_INIT_1 -> DEBUG_SUSPENDED (RESUMED, USER_REQUEST)
21:22:31.54 INFO: [TadState] TAD state changed: DEBUG_SUSPENDED -> DEBUG_SUSPENDED (SUSPENDED, BREAKPOINT)
21:22:48.107 INFO: [TadState] TAD state changed: DEBUG_SUSPENDED -> DEBUG_RESUMED (RESUMED, STEP)
21:22:49.389 INFO: [TadState] TAD state changed: DEBUG_RESUMED -> READY (SUSPENDED, STEP)
21:22:51.163 INFO: [TadState] TAD state changed: READY -> DEBUG_RESUMED (RESUMED, STEP)
21:22:53.07 INFO: [TadState] TAD state changed: DEBUG_RESUMED -> READY (SUSPENDED, STEP)
21:22:53.996 INFO: [TadState] TAD state changed: READY -> DEBUG_RESUMED (RESUMED, STEP)
21:22:54.628 INFO: [TadState] TAD state changed: DEBUG_RESUMED -> READY (SUSPENDED, STEP)
21:22:55.517 INFO: [TadState] TAD state changed: READY -> DEBUG_RESUMED (RESUMED, STEP)
21:22:56.667 INFO: [TadState] TAD state changed: DEBUG_RESUMED -> READY (SUSPENDED, STEP)
21:22:56.942 INFO: [TadState] TAD state changed: READY -> DEBUG_RESUMED (RESUMED, STEP)
21:22:58.406 INFO: [TadState] TAD state changed: DEBUG_RESUMED -> READY (SUSPENDED, STEP)
21:22:58.878 INFO: [TadState] TAD state changed: READY -> DEBUG_RESUMED (RESUMED, STEP)
21:22:59.307 INFO: [TadState] TAD state changed: DEBUG_RESUMED -> READY (SUSPENDED, STEP)
21:22:59.344 INFO: [TadState] TAD state changed: READY -> DEBUG_RESUMED (RESUMED, STEP)
21:22:59.734 INFO: [TadState] TAD state changed: DEBUG_RESUMED -> READY (SUSPENDED, STEP)
21:22:59.763 INFO: [TadState] TAD state changed: READY -> DEBUG_RESUMED (RESUMED, STEP)
21:23:00.141 INFO: [TadState] TAD state changed: DEBUG_RESUMED -> READY (SUSPENDED, STEP)
21:23:00.179 INFO: [TadState] TAD state changed: READY -> DEBUG_RESUMED (RESUMED, STEP)
21:23:01.78 INFO: [TadState] TAD state changed: DEBUG_RESUMED -> READY (SUSPENDED, STEP)
21:23:01.388 INFO: [TadState] TAD state changed: READY -> DEBUG_RESUMED (RESUMED, STEP)
21:23:02.226 INFO: [TadState] TAD state changed: DEBUG_RESUMED -> READY (SUSPENDED, STEP)
21:23:02.330 INFO: [TadState] TAD state changed: READY -> DEBUG_RESUMED (RESUMED, STEP)
21:23:03.151 INFO: [TadState] TAD state changed: DEBUG_RESUMED -> READY (SUSPENDED, STEP)
21:23:03.302 INFO: [TadState] TAD state changed: READY -> DEBUG_RESUMED (RESUMED, STEP)
21:23:04.161 INFO: [TadState] TAD state changed: DEBUG_RESUMED -> READY (SUSPENDED, STEP)
21:23:04.376 INFO: [TadState] TAD state changed: READY -> DEBUG_RESUMED (RESUMED, STEP)
21:23:05.182 INFO: [TadState] TAD state changed: DEBUG_RESUMED -> READY (SUSPENDED, STEP)
21:23:05.453 INFO: [TadState] TAD state changed: READY -> DEBUG_RESUMED (RESUMED, STEP)
21:23:06.287 INFO: [TadState] TAD state changed: DEBUG_RESUMED -> READY (SUSPENDED, STEP)
21:23:06.547 INFO: [TadState] TAD state changed: READY -> DEBUG_RESUMED (RESUMED, STEP)
21:23:07.726 INFO: [TadState] TAD state changed: DEBUG_RESUMED -> READY (SUSPENDED, STEP)
21:23:23.121 INFO: [TadState] TAD state changed: READY -> DEBUG_RESUMED (RESUMED, STEP)
21:23:24.34 INFO: [TadState] TAD state changed: DEBUG_RESUMED -> READY (SUSPENDED, STEP)
21:23:25.174 INFO: [TadState] TAD state changed: READY -> DEBUG_RESUMED (RESUMED, STEP)
21:23:26.83 INFO: [TadState] TAD state changed: DEBUG_RESUMED -> READY (SUSPENDED, STEP)
21:23:27.187 INFO: [TadState] TAD state changed: READY -> DEBUG_RESUMED (RESUMED, STEP)
21:23:27.830 INFO: [TadState] TAD state changed: DEBUG_RESUMED -> READY (SUSPENDED, STEP)
21:23:28.16 INFO: [TadState] TAD state changed: READY -> DEBUG_RESUMED (RESUMED, STEP)
21:23:28.961 INFO: [TadState] TAD state changed: DEBUG_RESUMED -> READY (SUSPENDED, STEP)
21:23:29.206 INFO: [TadState] TAD state changed: READY -> DEBUG_RESUMED (RESUMED, STEP)
21:23:30.567 INFO: [TadState] TAD state changed: DEBUG_RESUMED -> READY (SUSPENDED, STEP)
21:23:30.768 INFO: [TadState] TAD state changed: READY -> DEBUG_RESUMED (RESUMED, STEP)
21:23:31.451 INFO: [TadState] TAD state changed: DEBUG_RESUMED -> READY (SUSPENDED, STEP)
21:23:31.747 INFO: [TadState] TAD state changed: READY -> DEBUG_RESUMED (RESUMED, STEP)
21:23:33.702 INFO: [TadState] TAD state changed: DEBUG_RESUMED -> READY (SUSPENDED, STEP)
21:23:34.20 INFO: [TadState] TAD state changed: READY -> DEBUG_RESUMED (RESUMED, STEP)
21:23:34.863 INFO: [TadState] TAD state changed: DEBUG_RESUMED -> READY (SUSPENDED, STEP)
21:23:35.66 INFO: [TadState] TAD state changed: READY -> DEBUG_RESUMED (RESUMED, STEP)
21:23:36.29 INFO: [TadState] TAD state changed: DEBUG_RESUMED -> READY (SUSPENDED, STEP)
21:23:38.711 INFO: [TadState] TAD state changed: READY -> DEBUG_RESUMED (RESUMED, STEP)
21:23:40.303 INFO: [TadState] TAD state changed: DEBUG_RESUMED -> READY (SUSPENDED, STEP)
21:23:41.408 INFO: [TadState] TAD state changed: READY -> DEBUG_RESUMED (RESUMED, STEP)
21:23:43.26 INFO: [TadState] TAD state changed: DEBUG_RESUMED -> READY (SUSPENDED, STEP)
21:23:43.607 INFO: [TadState] TAD state changed: READY -> DEBUG_RESUMED (RESUMED, STEP)
21:23:44.650 INFO: [TadState] TAD state changed: DEBUG_RESUMED -> READY (SUSPENDED, STEP)
21:23:44.858 INFO: [TadState] TAD state changed: READY -> DEBUG_RESUMED (RESUMED, STEP)
21:23:46.489 INFO: [TadState] TAD state changed: DEBUG_RESUMED -> READY (SUSPENDED, STEP)
21:23:46.668 INFO: [TadState] TAD state changed: READY -> DEBUG_RESUMED (RESUMED, STEP)
21:23:47.765 INFO: [TadState] TAD state changed: DEBUG_RESUMED -> READY (SUSPENDED, STEP)
21:23:48.784 INFO: [TadState] TAD state changed: READY -> DEBUG_RESUMED (RESUMED, USER_REQUEST)
21:23:49.713 INFO: [TadState] TAD state changed: DEBUG_RESUMED -> READY (SUSPENDED, SIGNAL)
21:24:28.709 INFO: [TadModel] DSF session ID 3 has ended.
